ARM GAS  /tmp/ccG5MbvD.s 			page 1


   1              		.cpu cortex-m4
   2              		.arch armv7e-m
   3              		.fpu fpv4-sp-d16
   4              		.eabi_attribute 27, 1
   5              		.eabi_attribute 28, 1
   6              		.eabi_attribute 20, 1
   7              		.eabi_attribute 21, 1
   8              		.eabi_attribute 23, 3
   9              		.eabi_attribute 24, 1
  10              		.eabi_attribute 25, 1
  11              		.eabi_attribute 26, 1
  12              		.eabi_attribute 30, 1
  13              		.eabi_attribute 34, 1
  14              		.eabi_attribute 18, 4
  15              		.file	"system_stm32f4xx.c"
  16              		.text
  17              	.Ltext0:
  18              		.cfi_sections	.debug_frame
  19              		.file 1 "Src/system_stm32f4xx.c"
  20              		.section	.text.SystemInit,"ax",%progbits
  21              		.align	1
  22              		.global	SystemInit
  23              		.syntax unified
  24              		.thumb
  25              		.thumb_func
  27              	SystemInit:
  28              	.LFB134:
   1:Src/system_stm32f4xx.c **** /**
   2:Src/system_stm32f4xx.c ****   ******************************************************************************
   3:Src/system_stm32f4xx.c ****   * @file    system_stm32f4xx.c
   4:Src/system_stm32f4xx.c ****   * @author  MCD Application Team
   5:Src/system_stm32f4xx.c ****   * @brief   CMSIS Cortex-M4 Device Peripheral Access Layer System Source File.
   6:Src/system_stm32f4xx.c ****   *
   7:Src/system_stm32f4xx.c ****   *   This file provides two functions and one global variable to be called from 
   8:Src/system_stm32f4xx.c ****   *   user application:
   9:Src/system_stm32f4xx.c ****   *      - SystemInit(): This function is called at startup just after reset and 
  10:Src/system_stm32f4xx.c ****   *                      before branch to main program. This call is made inside
  11:Src/system_stm32f4xx.c ****   *                      the "startup_stm32f4xx.s" file.
  12:Src/system_stm32f4xx.c ****   *
  13:Src/system_stm32f4xx.c ****   *      - SystemCoreClock variable: Contains the core clock (HCLK), it can be used
  14:Src/system_stm32f4xx.c ****   *                                  by the user application to setup the SysTick 
  15:Src/system_stm32f4xx.c ****   *                                  timer or configure other parameters.
  16:Src/system_stm32f4xx.c ****   *                                     
  17:Src/system_stm32f4xx.c ****   *      - SystemCoreClockUpdate(): Updates the variable SystemCoreClock and must
  18:Src/system_stm32f4xx.c ****   *                                 be called whenever the core clock is changed
  19:Src/system_stm32f4xx.c ****   *                                 during program execution.
  20:Src/system_stm32f4xx.c ****   *
  21:Src/system_stm32f4xx.c ****   *
  22:Src/system_stm32f4xx.c ****   ******************************************************************************
  23:Src/system_stm32f4xx.c ****   * @attention
  24:Src/system_stm32f4xx.c ****   *
  25:Src/system_stm32f4xx.c ****   * Copyright (c) 2017 STMicroelectronics.
  26:Src/system_stm32f4xx.c ****   * All rights reserved.
  27:Src/system_stm32f4xx.c ****   *
  28:Src/system_stm32f4xx.c ****   * This software is licensed under terms that can be found in the LICENSE file
  29:Src/system_stm32f4xx.c ****   * in the root directory of this software component.
  30:Src/system_stm32f4xx.c ****   * If no LICENSE file comes with this software, it is provided AS-IS.
ARM GAS  /tmp/ccG5MbvD.s 			page 2


  31:Src/system_stm32f4xx.c ****   *
  32:Src/system_stm32f4xx.c ****   ******************************************************************************
  33:Src/system_stm32f4xx.c ****   */
  34:Src/system_stm32f4xx.c **** 
  35:Src/system_stm32f4xx.c **** /** @addtogroup CMSIS
  36:Src/system_stm32f4xx.c ****   * @{
  37:Src/system_stm32f4xx.c ****   */
  38:Src/system_stm32f4xx.c **** 
  39:Src/system_stm32f4xx.c **** /** @addtogroup stm32f4xx_system
  40:Src/system_stm32f4xx.c ****   * @{
  41:Src/system_stm32f4xx.c ****   */  
  42:Src/system_stm32f4xx.c ****   
  43:Src/system_stm32f4xx.c **** /** @addtogroup STM32F4xx_System_Private_Includes
  44:Src/system_stm32f4xx.c ****   * @{
  45:Src/system_stm32f4xx.c ****   */
  46:Src/system_stm32f4xx.c **** 
  47:Src/system_stm32f4xx.c **** 
  48:Src/system_stm32f4xx.c **** #include "stm32f4xx.h"
  49:Src/system_stm32f4xx.c **** 
  50:Src/system_stm32f4xx.c **** #if !defined  (HSE_VALUE) 
  51:Src/system_stm32f4xx.c ****   #define HSE_VALUE    ((uint32_t)25000000) /*!< Default value of the External oscillator in Hz */
  52:Src/system_stm32f4xx.c **** #endif /* HSE_VALUE */
  53:Src/system_stm32f4xx.c **** 
  54:Src/system_stm32f4xx.c **** #if !defined  (HSI_VALUE)
  55:Src/system_stm32f4xx.c ****   #define HSI_VALUE    ((uint32_t)16000000) /*!< Value of the Internal oscillator in Hz*/
  56:Src/system_stm32f4xx.c **** #endif /* HSI_VALUE */
  57:Src/system_stm32f4xx.c **** 
  58:Src/system_stm32f4xx.c **** /**
  59:Src/system_stm32f4xx.c ****   * @}
  60:Src/system_stm32f4xx.c ****   */
  61:Src/system_stm32f4xx.c **** 
  62:Src/system_stm32f4xx.c **** /** @addtogroup STM32F4xx_System_Private_TypesDefinitions
  63:Src/system_stm32f4xx.c ****   * @{
  64:Src/system_stm32f4xx.c ****   */
  65:Src/system_stm32f4xx.c **** 
  66:Src/system_stm32f4xx.c **** /**
  67:Src/system_stm32f4xx.c ****   * @}
  68:Src/system_stm32f4xx.c ****   */
  69:Src/system_stm32f4xx.c **** 
  70:Src/system_stm32f4xx.c **** /** @addtogroup STM32F4xx_System_Private_Defines
  71:Src/system_stm32f4xx.c ****   * @{
  72:Src/system_stm32f4xx.c ****   */
  73:Src/system_stm32f4xx.c **** 
  74:Src/system_stm32f4xx.c **** /************************* Miscellaneous Configuration ************************/
  75:Src/system_stm32f4xx.c **** /*!< Uncomment the following line if you need to use external SRAM or SDRAM as data memory  */
  76:Src/system_stm32f4xx.c **** #if defined(STM32F405xx) || defined(STM32F415xx) || defined(STM32F407xx) || defined(STM32F417xx)\
  77:Src/system_stm32f4xx.c ****  || defined(STM32F427xx) || defined(STM32F437xx) || defined(STM32F429xx) || defined(STM32F439xx)\
  78:Src/system_stm32f4xx.c ****  || defined(STM32F469xx) || defined(STM32F479xx) || defined(STM32F412Zx) || defined(STM32F412Vx)
  79:Src/system_stm32f4xx.c **** /* #define DATA_IN_ExtSRAM */
  80:Src/system_stm32f4xx.c **** #endif /* STM32F40xxx || STM32F41xxx || STM32F42xxx || STM32F43xxx || STM32F469xx || STM32F479xx ||
  81:Src/system_stm32f4xx.c ****           STM32F412Zx || STM32F412Vx */
  82:Src/system_stm32f4xx.c ****  
  83:Src/system_stm32f4xx.c **** #if defined(STM32F427xx) || defined(STM32F437xx) || defined(STM32F429xx) || defined(STM32F439xx)\
  84:Src/system_stm32f4xx.c ****  || defined(STM32F446xx) || defined(STM32F469xx) || defined(STM32F479xx)
  85:Src/system_stm32f4xx.c **** /* #define DATA_IN_ExtSDRAM */
  86:Src/system_stm32f4xx.c **** #endif /* STM32F427xx || STM32F437xx || STM32F429xx || STM32F439xx || STM32F446xx || STM32F469xx ||
  87:Src/system_stm32f4xx.c ****           STM32F479xx */
ARM GAS  /tmp/ccG5MbvD.s 			page 3


  88:Src/system_stm32f4xx.c **** 
  89:Src/system_stm32f4xx.c **** /* Note: Following vector table addresses must be defined in line with linker
  90:Src/system_stm32f4xx.c ****          configuration. */
  91:Src/system_stm32f4xx.c **** /*!< Uncomment the following line if you need to relocate the vector table
  92:Src/system_stm32f4xx.c ****      anywhere in Flash or Sram, else the vector table is kept at the automatic
  93:Src/system_stm32f4xx.c ****      remap of boot address selected */
  94:Src/system_stm32f4xx.c **** /* #define USER_VECT_TAB_ADDRESS */
  95:Src/system_stm32f4xx.c **** 
  96:Src/system_stm32f4xx.c **** #if defined(USER_VECT_TAB_ADDRESS)
  97:Src/system_stm32f4xx.c **** /*!< Uncomment the following line if you need to relocate your vector Table
  98:Src/system_stm32f4xx.c ****      in Sram else user remap will be done in Flash. */
  99:Src/system_stm32f4xx.c **** /* #define VECT_TAB_SRAM */
 100:Src/system_stm32f4xx.c **** #if defined(VECT_TAB_SRAM)
 101:Src/system_stm32f4xx.c **** #define VECT_TAB_BASE_ADDRESS   SRAM_BASE       /*!< Vector Table base address field.
 102:Src/system_stm32f4xx.c ****                                                      This value must be a multiple of 0x200. */
 103:Src/system_stm32f4xx.c **** #else
 104:Src/system_stm32f4xx.c **** #define VECT_TAB_BASE_ADDRESS   FLASH_BASE      /*!< Vector Table base address field.
 105:Src/system_stm32f4xx.c ****                                                      This value must be a multiple of 0x200. */
 106:Src/system_stm32f4xx.c **** #endif /* VECT_TAB_SRAM */
 107:Src/system_stm32f4xx.c **** #if !defined(VECT_TAB_OFFSET)
 108:Src/system_stm32f4xx.c **** #define VECT_TAB_OFFSET         0x00000000U     /*!< Vector Table offset field.
 109:Src/system_stm32f4xx.c ****                                                      This value must be a multiple of 0x200. */
 110:Src/system_stm32f4xx.c **** #endif /* VECT_TAB_OFFSET */
 111:Src/system_stm32f4xx.c **** #endif /* USER_VECT_TAB_ADDRESS */
 112:Src/system_stm32f4xx.c **** /******************************************************************************/
 113:Src/system_stm32f4xx.c **** 
 114:Src/system_stm32f4xx.c **** /**
 115:Src/system_stm32f4xx.c ****   * @}
 116:Src/system_stm32f4xx.c ****   */
 117:Src/system_stm32f4xx.c **** 
 118:Src/system_stm32f4xx.c **** /** @addtogroup STM32F4xx_System_Private_Macros
 119:Src/system_stm32f4xx.c ****   * @{
 120:Src/system_stm32f4xx.c ****   */
 121:Src/system_stm32f4xx.c **** 
 122:Src/system_stm32f4xx.c **** /**
 123:Src/system_stm32f4xx.c ****   * @}
 124:Src/system_stm32f4xx.c ****   */
 125:Src/system_stm32f4xx.c **** 
 126:Src/system_stm32f4xx.c **** /** @addtogroup STM32F4xx_System_Private_Variables
 127:Src/system_stm32f4xx.c ****   * @{
 128:Src/system_stm32f4xx.c ****   */
 129:Src/system_stm32f4xx.c ****   /* This variable is updated in three ways:
 130:Src/system_stm32f4xx.c ****       1) by calling CMSIS function SystemCoreClockUpdate()
 131:Src/system_stm32f4xx.c ****       2) by calling HAL API function HAL_RCC_GetHCLKFreq()
 132:Src/system_stm32f4xx.c ****       3) each time HAL_RCC_ClockConfig() is called to configure the system clock frequency 
 133:Src/system_stm32f4xx.c ****          Note: If you use this function to configure the system clock; then there
 134:Src/system_stm32f4xx.c ****                is no need to call the 2 first functions listed above, since SystemCoreClock
 135:Src/system_stm32f4xx.c ****                variable is updated automatically.
 136:Src/system_stm32f4xx.c ****   */
 137:Src/system_stm32f4xx.c **** uint32_t SystemCoreClock = 16000000;
 138:Src/system_stm32f4xx.c **** const uint8_t AHBPrescTable[16] = {0, 0, 0, 0, 0, 0, 0, 0, 1, 2, 3, 4, 6, 7, 8, 9};
 139:Src/system_stm32f4xx.c **** const uint8_t APBPrescTable[8]  = {0, 0, 0, 0, 1, 2, 3, 4};
 140:Src/system_stm32f4xx.c **** /**
 141:Src/system_stm32f4xx.c ****   * @}
 142:Src/system_stm32f4xx.c ****   */
 143:Src/system_stm32f4xx.c **** 
 144:Src/system_stm32f4xx.c **** /** @addtogroup STM32F4xx_System_Private_FunctionPrototypes
ARM GAS  /tmp/ccG5MbvD.s 			page 4


 145:Src/system_stm32f4xx.c ****   * @{
 146:Src/system_stm32f4xx.c ****   */
 147:Src/system_stm32f4xx.c **** 
 148:Src/system_stm32f4xx.c **** #if defined (DATA_IN_ExtSRAM) || defined (DATA_IN_ExtSDRAM)
 149:Src/system_stm32f4xx.c ****   static void SystemInit_ExtMemCtl(void); 
 150:Src/system_stm32f4xx.c **** #endif /* DATA_IN_ExtSRAM || DATA_IN_ExtSDRAM */
 151:Src/system_stm32f4xx.c **** 
 152:Src/system_stm32f4xx.c **** /**
 153:Src/system_stm32f4xx.c ****   * @}
 154:Src/system_stm32f4xx.c ****   */
 155:Src/system_stm32f4xx.c **** 
 156:Src/system_stm32f4xx.c **** /** @addtogroup STM32F4xx_System_Private_Functions
 157:Src/system_stm32f4xx.c ****   * @{
 158:Src/system_stm32f4xx.c ****   */
 159:Src/system_stm32f4xx.c **** 
 160:Src/system_stm32f4xx.c **** /**
 161:Src/system_stm32f4xx.c ****   * @brief  Setup the microcontroller system
 162:Src/system_stm32f4xx.c ****   *         Initialize the FPU setting, vector table location and External memory 
 163:Src/system_stm32f4xx.c ****   *         configuration.
 164:Src/system_stm32f4xx.c ****   * @param  None
 165:Src/system_stm32f4xx.c ****   * @retval None
 166:Src/system_stm32f4xx.c ****   */
 167:Src/system_stm32f4xx.c **** void SystemInit(void)
 168:Src/system_stm32f4xx.c **** {
  29              		.loc 1 168 1 view -0
  30              		.cfi_startproc
  31              		@ args = 0, pretend = 0, frame = 0
  32              		@ frame_needed = 0, uses_anonymous_args = 0
  33              		@ link register save eliminated.
 169:Src/system_stm32f4xx.c ****   /* FPU settings ------------------------------------------------------------*/
 170:Src/system_stm32f4xx.c ****   #if (__FPU_PRESENT == 1) && (__FPU_USED == 1)
 171:Src/system_stm32f4xx.c ****     SCB->CPACR |= ((3UL << 10*2)|(3UL << 11*2));  /* set CP10 and CP11 Full Access */
  34              		.loc 1 171 5 view .LVU1
  35              		.loc 1 171 8 is_stmt 0 view .LVU2
  36 0000 034A     		ldr	r2, .L2
  37 0002 D2F88830 		ldr	r3, [r2, #136]
  38              		.loc 1 171 16 view .LVU3
  39 0006 43F47003 		orr	r3, r3, #15728640
  40 000a C2F88830 		str	r3, [r2, #136]
 172:Src/system_stm32f4xx.c ****   #endif
 173:Src/system_stm32f4xx.c **** 
 174:Src/system_stm32f4xx.c **** #if defined (DATA_IN_ExtSRAM) || defined (DATA_IN_ExtSDRAM)
 175:Src/system_stm32f4xx.c ****   SystemInit_ExtMemCtl(); 
 176:Src/system_stm32f4xx.c **** #endif /* DATA_IN_ExtSRAM || DATA_IN_ExtSDRAM */
 177:Src/system_stm32f4xx.c **** 
 178:Src/system_stm32f4xx.c ****   /* Configure the Vector Table location -------------------------------------*/
 179:Src/system_stm32f4xx.c **** #if defined(USER_VECT_TAB_ADDRESS)
 180:Src/system_stm32f4xx.c ****   SCB->VTOR = VECT_TAB_BASE_ADDRESS | VECT_TAB_OFFSET; /* Vector Table Relocation in Internal SRAM 
 181:Src/system_stm32f4xx.c **** #endif /* USER_VECT_TAB_ADDRESS */
 182:Src/system_stm32f4xx.c **** }
  41              		.loc 1 182 1 view .LVU4
  42 000e 7047     		bx	lr
  43              	.L3:
  44              		.align	2
  45              	.L2:
  46 0010 00ED00E0 		.word	-536810240
  47              		.cfi_endproc
ARM GAS  /tmp/ccG5MbvD.s 			page 5


  48              	.LFE134:
  50              		.section	.text.SystemCoreClockUpdate,"ax",%progbits
  51              		.align	1
  52              		.global	SystemCoreClockUpdate
  53              		.syntax unified
  54              		.thumb
  55              		.thumb_func
  57              	SystemCoreClockUpdate:
  58              	.LFB135:
 183:Src/system_stm32f4xx.c **** 
 184:Src/system_stm32f4xx.c **** /**
 185:Src/system_stm32f4xx.c ****    * @brief  Update SystemCoreClock variable according to Clock Register Values.
 186:Src/system_stm32f4xx.c ****   *         The SystemCoreClock variable contains the core clock (HCLK), it can
 187:Src/system_stm32f4xx.c ****   *         be used by the user application to setup the SysTick timer or configure
 188:Src/system_stm32f4xx.c ****   *         other parameters.
 189:Src/system_stm32f4xx.c ****   *           
 190:Src/system_stm32f4xx.c ****   * @note   Each time the core clock (HCLK) changes, this function must be called
 191:Src/system_stm32f4xx.c ****   *         to update SystemCoreClock variable value. Otherwise, any configuration
 192:Src/system_stm32f4xx.c ****   *         based on this variable will be incorrect.         
 193:Src/system_stm32f4xx.c ****   *     
 194:Src/system_stm32f4xx.c ****   * @note   - The system frequency computed by this function is not the real 
 195:Src/system_stm32f4xx.c ****   *           frequency in the chip. It is calculated based on the predefined 
 196:Src/system_stm32f4xx.c ****   *           constant and the selected clock source:
 197:Src/system_stm32f4xx.c ****   *             
 198:Src/system_stm32f4xx.c ****   *           - If SYSCLK source is HSI, SystemCoreClock will contain the HSI_VALUE(*)
 199:Src/system_stm32f4xx.c ****   *                                              
 200:Src/system_stm32f4xx.c ****   *           - If SYSCLK source is HSE, SystemCoreClock will contain the HSE_VALUE(**)
 201:Src/system_stm32f4xx.c ****   *                          
 202:Src/system_stm32f4xx.c ****   *           - If SYSCLK source is PLL, SystemCoreClock will contain the HSE_VALUE(**) 
 203:Src/system_stm32f4xx.c ****   *             or HSI_VALUE(*) multiplied/divided by the PLL factors.
 204:Src/system_stm32f4xx.c ****   *         
 205:Src/system_stm32f4xx.c ****   *         (*) HSI_VALUE is a constant defined in stm32f4xx_hal_conf.h file (default value
 206:Src/system_stm32f4xx.c ****   *             16 MHz) but the real value may vary depending on the variations
 207:Src/system_stm32f4xx.c ****   *             in voltage and temperature.   
 208:Src/system_stm32f4xx.c ****   *    
 209:Src/system_stm32f4xx.c ****   *         (**) HSE_VALUE is a constant defined in stm32f4xx_hal_conf.h file (its value
 210:Src/system_stm32f4xx.c ****   *              depends on the application requirements), user has to ensure that HSE_VALUE
 211:Src/system_stm32f4xx.c ****   *              is same as the real frequency of the crystal used. Otherwise, this function
 212:Src/system_stm32f4xx.c ****   *              may have wrong result.
 213:Src/system_stm32f4xx.c ****   *                
 214:Src/system_stm32f4xx.c ****   *         - The result of this function could be not correct when using fractional
 215:Src/system_stm32f4xx.c ****   *           value for HSE crystal.
 216:Src/system_stm32f4xx.c ****   *     
 217:Src/system_stm32f4xx.c ****   * @param  None
 218:Src/system_stm32f4xx.c ****   * @retval None
 219:Src/system_stm32f4xx.c ****   */
 220:Src/system_stm32f4xx.c **** void SystemCoreClockUpdate(void)
 221:Src/system_stm32f4xx.c **** {
  59              		.loc 1 221 1 is_stmt 1 view -0
  60              		.cfi_startproc
  61              		@ args = 0, pretend = 0, frame = 0
  62              		@ frame_needed = 0, uses_anonymous_args = 0
  63              		@ link register save eliminated.
 222:Src/system_stm32f4xx.c ****   uint32_t tmp, pllvco, pllp, pllsource, pllm;
  64              		.loc 1 222 3 view .LVU6
 223:Src/system_stm32f4xx.c ****   
 224:Src/system_stm32f4xx.c ****   /* Get SYSCLK source -------------------------------------------------------*/
ARM GAS  /tmp/ccG5MbvD.s 			page 6


 225:Src/system_stm32f4xx.c ****   tmp = RCC->CFGR & RCC_CFGR_SWS;
  65              		.loc 1 225 3 view .LVU7
  66              		.loc 1 225 12 is_stmt 0 view .LVU8
  67 0000 224B     		ldr	r3, .L11
  68 0002 9B68     		ldr	r3, [r3, #8]
  69              		.loc 1 225 7 view .LVU9
  70 0004 03F00C03 		and	r3, r3, #12
  71              	.LVL0:
 226:Src/system_stm32f4xx.c **** 
 227:Src/system_stm32f4xx.c ****   switch (tmp)
  72              		.loc 1 227 3 is_stmt 1 view .LVU10
  73 0008 042B     		cmp	r3, #4
  74 000a 11D0     		beq	.L5
  75 000c 082B     		cmp	r3, #8
  76 000e 13D0     		beq	.L6
  77 0010 002B     		cmp	r3, #0
  78 0012 37D1     		bne	.L7
 228:Src/system_stm32f4xx.c ****   {
 229:Src/system_stm32f4xx.c ****     case 0x00:  /* HSI used as system clock source */
 230:Src/system_stm32f4xx.c ****       SystemCoreClock = HSI_VALUE;
  79              		.loc 1 230 7 view .LVU11
  80              		.loc 1 230 23 is_stmt 0 view .LVU12
  81 0014 1E4B     		ldr	r3, .L11+4
  82              	.LVL1:
  83              		.loc 1 230 23 view .LVU13
  84 0016 1F4A     		ldr	r2, .L11+8
  85 0018 1A60     		str	r2, [r3]
 231:Src/system_stm32f4xx.c ****       break;
  86              		.loc 1 231 7 is_stmt 1 view .LVU14
  87              	.L8:
 232:Src/system_stm32f4xx.c ****     case 0x04:  /* HSE used as system clock source */
 233:Src/system_stm32f4xx.c ****       SystemCoreClock = HSE_VALUE;
 234:Src/system_stm32f4xx.c ****       break;
 235:Src/system_stm32f4xx.c ****     case 0x08:  /* PLL used as system clock source */
 236:Src/system_stm32f4xx.c **** 
 237:Src/system_stm32f4xx.c ****       /* PLL_VCO = (HSE_VALUE or HSI_VALUE / PLL_M) * PLL_N
 238:Src/system_stm32f4xx.c ****          SYSCLK = PLL_VCO / PLL_P
 239:Src/system_stm32f4xx.c ****          */    
 240:Src/system_stm32f4xx.c ****       pllsource = (RCC->PLLCFGR & RCC_PLLCFGR_PLLSRC) >> 22;
 241:Src/system_stm32f4xx.c ****       pllm = RCC->PLLCFGR & RCC_PLLCFGR_PLLM;
 242:Src/system_stm32f4xx.c ****       
 243:Src/system_stm32f4xx.c ****       if (pllsource != 0)
 244:Src/system_stm32f4xx.c ****       {
 245:Src/system_stm32f4xx.c ****         /* HSE used as PLL clock source */
 246:Src/system_stm32f4xx.c ****         pllvco = (HSE_VALUE / pllm) * ((RCC->PLLCFGR & RCC_PLLCFGR_PLLN) >> 6);
 247:Src/system_stm32f4xx.c ****       }
 248:Src/system_stm32f4xx.c ****       else
 249:Src/system_stm32f4xx.c ****       {
 250:Src/system_stm32f4xx.c ****         /* HSI used as PLL clock source */
 251:Src/system_stm32f4xx.c ****         pllvco = (HSI_VALUE / pllm) * ((RCC->PLLCFGR & RCC_PLLCFGR_PLLN) >> 6);
 252:Src/system_stm32f4xx.c ****       }
 253:Src/system_stm32f4xx.c **** 
 254:Src/system_stm32f4xx.c ****       pllp = (((RCC->PLLCFGR & RCC_PLLCFGR_PLLP) >>16) + 1 ) *2;
 255:Src/system_stm32f4xx.c ****       SystemCoreClock = pllvco/pllp;
 256:Src/system_stm32f4xx.c ****       break;
 257:Src/system_stm32f4xx.c ****     default:
 258:Src/system_stm32f4xx.c ****       SystemCoreClock = HSI_VALUE;
ARM GAS  /tmp/ccG5MbvD.s 			page 7


 259:Src/system_stm32f4xx.c ****       break;
 260:Src/system_stm32f4xx.c ****   }
 261:Src/system_stm32f4xx.c ****   /* Compute HCLK frequency --------------------------------------------------*/
 262:Src/system_stm32f4xx.c ****   /* Get HCLK prescaler */
 263:Src/system_stm32f4xx.c ****   tmp = AHBPrescTable[((RCC->CFGR & RCC_CFGR_HPRE) >> 4)];
  88              		.loc 1 263 3 view .LVU15
  89              		.loc 1 263 28 is_stmt 0 view .LVU16
  90 001a 1C4B     		ldr	r3, .L11
  91 001c 9B68     		ldr	r3, [r3, #8]
  92              		.loc 1 263 52 view .LVU17
  93 001e C3F30313 		ubfx	r3, r3, #4, #4
  94              		.loc 1 263 22 view .LVU18
  95 0022 1D4A     		ldr	r2, .L11+12
  96 0024 D15C     		ldrb	r1, [r2, r3]	@ zero_extendqisi2
  97              	.LVL2:
 264:Src/system_stm32f4xx.c ****   /* HCLK frequency */
 265:Src/system_stm32f4xx.c ****   SystemCoreClock >>= tmp;
  98              		.loc 1 265 3 is_stmt 1 view .LVU19
  99              		.loc 1 265 19 is_stmt 0 view .LVU20
 100 0026 1A4A     		ldr	r2, .L11+4
 101 0028 1368     		ldr	r3, [r2]
 102 002a CB40     		lsrs	r3, r3, r1
 103 002c 1360     		str	r3, [r2]
 266:Src/system_stm32f4xx.c **** }
 104              		.loc 1 266 1 view .LVU21
 105 002e 7047     		bx	lr
 106              	.LVL3:
 107              	.L5:
 233:Src/system_stm32f4xx.c ****       break;
 108              		.loc 1 233 7 is_stmt 1 view .LVU22
 233:Src/system_stm32f4xx.c ****       break;
 109              		.loc 1 233 23 is_stmt 0 view .LVU23
 110 0030 174B     		ldr	r3, .L11+4
 111              	.LVL4:
 233:Src/system_stm32f4xx.c ****       break;
 112              		.loc 1 233 23 view .LVU24
 113 0032 1A4A     		ldr	r2, .L11+16
 114 0034 1A60     		str	r2, [r3]
 234:Src/system_stm32f4xx.c ****     case 0x08:  /* PLL used as system clock source */
 115              		.loc 1 234 7 is_stmt 1 view .LVU25
 116 0036 F0E7     		b	.L8
 117              	.LVL5:
 118              	.L6:
 240:Src/system_stm32f4xx.c ****       pllm = RCC->PLLCFGR & RCC_PLLCFGR_PLLM;
 119              		.loc 1 240 7 view .LVU26
 240:Src/system_stm32f4xx.c ****       pllm = RCC->PLLCFGR & RCC_PLLCFGR_PLLM;
 120              		.loc 1 240 23 is_stmt 0 view .LVU27
 121 0038 144B     		ldr	r3, .L11
 122              	.LVL6:
 240:Src/system_stm32f4xx.c ****       pllm = RCC->PLLCFGR & RCC_PLLCFGR_PLLM;
 123              		.loc 1 240 23 view .LVU28
 124 003a 5968     		ldr	r1, [r3, #4]
 125              	.LVL7:
 241:Src/system_stm32f4xx.c ****       
 126              		.loc 1 241 7 is_stmt 1 view .LVU29
 241:Src/system_stm32f4xx.c ****       
 127              		.loc 1 241 17 is_stmt 0 view .LVU30
ARM GAS  /tmp/ccG5MbvD.s 			page 8


 128 003c 5A68     		ldr	r2, [r3, #4]
 241:Src/system_stm32f4xx.c ****       
 129              		.loc 1 241 12 view .LVU31
 130 003e 02F03F02 		and	r2, r2, #63
 131              	.LVL8:
 243:Src/system_stm32f4xx.c ****       {
 132              		.loc 1 243 7 is_stmt 1 view .LVU32
 243:Src/system_stm32f4xx.c ****       {
 133              		.loc 1 243 10 is_stmt 0 view .LVU33
 134 0042 11F4800F 		tst	r1, #4194304
 135 0046 13D0     		beq	.L9
 246:Src/system_stm32f4xx.c ****       }
 136              		.loc 1 246 9 is_stmt 1 view .LVU34
 246:Src/system_stm32f4xx.c ****       }
 137              		.loc 1 246 29 is_stmt 0 view .LVU35
 138 0048 144B     		ldr	r3, .L11+16
 139 004a B3FBF2F3 		udiv	r3, r3, r2
 246:Src/system_stm32f4xx.c ****       }
 140              		.loc 1 246 44 view .LVU36
 141 004e 0F4A     		ldr	r2, .L11
 142              	.LVL9:
 246:Src/system_stm32f4xx.c ****       }
 143              		.loc 1 246 44 view .LVU37
 144 0050 5268     		ldr	r2, [r2, #4]
 246:Src/system_stm32f4xx.c ****       }
 145              		.loc 1 246 74 view .LVU38
 146 0052 C2F38812 		ubfx	r2, r2, #6, #9
 246:Src/system_stm32f4xx.c ****       }
 147              		.loc 1 246 16 view .LVU39
 148 0056 02FB03F3 		mul	r3, r2, r3
 149              	.LVL10:
 150              	.L10:
 254:Src/system_stm32f4xx.c ****       SystemCoreClock = pllvco/pllp;
 151              		.loc 1 254 7 is_stmt 1 view .LVU40
 254:Src/system_stm32f4xx.c ****       SystemCoreClock = pllvco/pllp;
 152              		.loc 1 254 20 is_stmt 0 view .LVU41
 153 005a 0C4A     		ldr	r2, .L11
 154 005c 5268     		ldr	r2, [r2, #4]
 254:Src/system_stm32f4xx.c ****       SystemCoreClock = pllvco/pllp;
 155              		.loc 1 254 50 view .LVU42
 156 005e C2F30142 		ubfx	r2, r2, #16, #2
 254:Src/system_stm32f4xx.c ****       SystemCoreClock = pllvco/pllp;
 157              		.loc 1 254 56 view .LVU43
 158 0062 0132     		adds	r2, r2, #1
 254:Src/system_stm32f4xx.c ****       SystemCoreClock = pllvco/pllp;
 159              		.loc 1 254 12 view .LVU44
 160 0064 5200     		lsls	r2, r2, #1
 161              	.LVL11:
 255:Src/system_stm32f4xx.c ****       break;
 162              		.loc 1 255 7 is_stmt 1 view .LVU45
 255:Src/system_stm32f4xx.c ****       break;
 163              		.loc 1 255 31 is_stmt 0 view .LVU46
 164 0066 B3FBF2F3 		udiv	r3, r3, r2
 165              	.LVL12:
 255:Src/system_stm32f4xx.c ****       break;
 166              		.loc 1 255 23 view .LVU47
 167 006a 094A     		ldr	r2, .L11+4
ARM GAS  /tmp/ccG5MbvD.s 			page 9


 168              	.LVL13:
 255:Src/system_stm32f4xx.c ****       break;
 169              		.loc 1 255 23 view .LVU48
 170 006c 1360     		str	r3, [r2]
 256:Src/system_stm32f4xx.c ****     default:
 171              		.loc 1 256 7 is_stmt 1 view .LVU49
 172 006e D4E7     		b	.L8
 173              	.LVL14:
 174              	.L9:
 251:Src/system_stm32f4xx.c ****       }
 175              		.loc 1 251 9 view .LVU50
 251:Src/system_stm32f4xx.c ****       }
 176              		.loc 1 251 29 is_stmt 0 view .LVU51
 177 0070 084B     		ldr	r3, .L11+8
 178 0072 B3FBF2F3 		udiv	r3, r3, r2
 251:Src/system_stm32f4xx.c ****       }
 179              		.loc 1 251 44 view .LVU52
 180 0076 054A     		ldr	r2, .L11
 181              	.LVL15:
 251:Src/system_stm32f4xx.c ****       }
 182              		.loc 1 251 44 view .LVU53
 183 0078 5268     		ldr	r2, [r2, #4]
 251:Src/system_stm32f4xx.c ****       }
 184              		.loc 1 251 74 view .LVU54
 185 007a C2F38812 		ubfx	r2, r2, #6, #9
 251:Src/system_stm32f4xx.c ****       }
 186              		.loc 1 251 16 view .LVU55
 187 007e 02FB03F3 		mul	r3, r2, r3
 188 0082 EAE7     		b	.L10
 189              	.LVL16:
 190              	.L7:
 258:Src/system_stm32f4xx.c ****       break;
 191              		.loc 1 258 7 is_stmt 1 view .LVU56
 258:Src/system_stm32f4xx.c ****       break;
 192              		.loc 1 258 23 is_stmt 0 view .LVU57
 193 0084 024B     		ldr	r3, .L11+4
 194              	.LVL17:
 258:Src/system_stm32f4xx.c ****       break;
 195              		.loc 1 258 23 view .LVU58
 196 0086 034A     		ldr	r2, .L11+8
 197 0088 1A60     		str	r2, [r3]
 259:Src/system_stm32f4xx.c ****   }
 198              		.loc 1 259 7 is_stmt 1 view .LVU59
 199 008a C6E7     		b	.L8
 200              	.L12:
 201              		.align	2
 202              	.L11:
 203 008c 00380240 		.word	1073887232
 204 0090 00000000 		.word	SystemCoreClock
 205 0094 0024F400 		.word	16000000
 206 0098 00000000 		.word	AHBPrescTable
 207 009c 40787D01 		.word	25000000
 208              		.cfi_endproc
 209              	.LFE135:
 211              		.global	APBPrescTable
 212              		.section	.rodata.APBPrescTable,"a"
 213              		.align	2
ARM GAS  /tmp/ccG5MbvD.s 			page 10


 216              	APBPrescTable:
 217 0000 00000000 		.ascii	"\000\000\000\000\001\002\003\004"
 217      01020304 
 218              		.global	AHBPrescTable
 219              		.section	.rodata.AHBPrescTable,"a"
 220              		.align	2
 223              	AHBPrescTable:
 224 0000 00000000 		.ascii	"\000\000\000\000\000\000\000\000\001\002\003\004\006"
 224      00000000 
 224      01020304 
 224      06
 225 000d 070809   		.ascii	"\007\010\011"
 226              		.global	SystemCoreClock
 227              		.section	.data.SystemCoreClock,"aw"
 228              		.align	2
 231              	SystemCoreClock:
 232 0000 0024F400 		.word	16000000
 233              		.text
 234              	.Letext0:
 235              		.file 2 "/usr/arm-none-eabi/include/machine/_default_types.h"
 236              		.file 3 "/usr/arm-none-eabi/include/sys/_stdint.h"
 237              		.file 4 "Drivers/CMSIS/Include/core_cm4.h"
 238              		.file 5 "Drivers/CMSIS/Device/ST/STM32F4xx/Include/system_stm32f4xx.h"
 239              		.file 6 "Drivers/CMSIS/Device/ST/STM32F4xx/Include/stm32f411xe.h"
ARM GAS  /tmp/ccG5MbvD.s 			page 11


DEFINED SYMBOLS
                            *ABS*:00000000 system_stm32f4xx.c
     /tmp/ccG5MbvD.s:21     .text.SystemInit:00000000 $t
     /tmp/ccG5MbvD.s:27     .text.SystemInit:00000000 SystemInit
     /tmp/ccG5MbvD.s:46     .text.SystemInit:00000010 $d
     /tmp/ccG5MbvD.s:51     .text.SystemCoreClockUpdate:00000000 $t
     /tmp/ccG5MbvD.s:57     .text.SystemCoreClockUpdate:00000000 SystemCoreClockUpdate
     /tmp/ccG5MbvD.s:203    .text.SystemCoreClockUpdate:0000008c $d
     /tmp/ccG5MbvD.s:231    .data.SystemCoreClock:00000000 SystemCoreClock
     /tmp/ccG5MbvD.s:223    .rodata.AHBPrescTable:00000000 AHBPrescTable
     /tmp/ccG5MbvD.s:216    .rodata.APBPrescTable:00000000 APBPrescTable
     /tmp/ccG5MbvD.s:213    .rodata.APBPrescTable:00000000 $d
     /tmp/ccG5MbvD.s:220    .rodata.AHBPrescTable:00000000 $d
     /tmp/ccG5MbvD.s:228    .data.SystemCoreClock:00000000 $d

NO UNDEFINED SYMBOLS
